<?xml version="1.0" encoding="UTF-8"?>
<testng-results skipped="0" failed="0" ignored="0" total="1" passed="1">
  <reporter-output>
  </reporter-output>
  <suite name="Default suite" duration-ms="56066" started-at="2018-10-24T13:26:21Z" finished-at="2018-10-24T13:27:17Z">
    <groups>
    </groups>
    <test name="Default test" duration-ms="56066" started-at="2018-10-24T13:26:21Z" finished-at="2018-10-24T13:27:17Z">
      <class name="DemoClass">
        <test-method status="PASS" signature="login()[pri:0, instance:DemoClass@5a1c0542]" name="login" duration-ms="56023" started-at="2018-10-24T13:26:21Z" finished-at="2018-10-24T13:27:17Z">
          <reporter-output>
          </reporter-output>
        </test-method> <!-- login -->
      </class> <!-- DemoClass -->
    </test> <!-- Default test -->
  </suite> <!-- Default suite -->
</testng-results>
